db_0037_582c69c9.pbm 7
db_0036_582c69e2.pbm 6
db_0043_582c6a01.pbm C
db_0044_582c6a03.pbm D
db_0046_582c6a04.pbm F
db_0037_582c6a06.pbm 7
db_0032_582c6a08.pbm 2
db_0045_582c6a09.pbm E
db_0041_582c6a0b.pbm A
db_0039_582c6a0c.pbm 9
db_0039_582c6a0e.pbm 9
db_0032_582c6a0f.pbm 2
db_0043_582c6a11.pbm C
db_0046_582c6a21.pbm F
db_0043_582c6a23.pbm C
db_0035_582c6a24.pbm 5
db_0039_582c6a26.pbm 9
db_0037_582c6a27.pbm 7
db_0033_582c6a28.pbm 3
db_0033_582c6a2a.pbm 3
db_0042_582c6a2c.pbm B
db_0030_582c6a2d.pbm 0
db_0031_582c6a2f.pbm 1
db_0042_582c6a30.pbm B
db_0041_582c6a32.pbm A
db_0037_582c6a34.pbm 7
db_0043_582c6a35.pbm C
db_0036_582c6a36.pbm 6
db_0044_582c6a37.pbm D
db_0030_582c6a39.pbm 0
db_0031_582c6a3b.pbm 1
db_0035_582c6a3d.pbm 5
db_0033_582c6a3f.pbm 3
db_0033_582c6a40.pbm 3
db_0035_582c6a42.pbm 5
db_0038_582c6a43.pbm 8
db_0031_582c6a45.pbm 1
db_0044_582c6a46.pbm D
db_0044_582c6a47.pbm D
db_0031_582c6a49.pbm 1
db_0044_582c6a4a.pbm D
db_0039_582c6a4b.pbm 9
db_0046_582c6a4d.pbm F
db_0030_582c6a4e.pbm 0
db_0030_582c6a50.pbm 0
db_0033_582c6a51.pbm 3
db_0035_582c6a52.pbm 5
db_0032_582c6a54.pbm 2
db_0045_582c6a55.pbm E
db_0035_582c6a56.pbm 5
db_0030_582c6a58.pbm 0
db_0038_582c6a5a.pbm 8
db_0046_582c6a5b.pbm F
db_0035_582c6a5c.pbm 5
db_0032_582c6a5e.pbm 2
db_0046_582c6a5f.pbm F
db_0031_582c6a60.pbm 1
db_0032_582c6a62.pbm 2
db_0044_582c6a63.pbm D
db_0033_582c6a65.pbm 3
db_0046_582c6a66.pbm F
db_0030_582c6a68.pbm 0
db_0036_582c6a6a.pbm 6
db_0035_582c6a6b.pbm 5
db_0030_582c6a6d.pbm 0
db_0038_582c6a6f.pbm 8
db_0046_582c6a71.pbm F
db_0046_582c6a72.pbm F
db_0033_582c6a74.pbm 3
db_0044_582c6a75.pbm D
db_0036_582c6a77.pbm 6
db_0037_582c6a78.pbm 7
db_0031_582c6a7a.pbm 1
db_0044_582c6a7c.pbm D
db_0042_582c6a82.pbm B
db_0044_582c6a83.pbm D
db_0030_582c6a85.pbm 0
db_0034_582c6a86.pbm 4
db_0031_582c6a88.pbm 1
db_0041_582c6a89.pbm A
db_0039_582c6a8b.pbm 9
db_0046_582c6a8c.pbm F
db_0042_582c6a8e.pbm B
db_0030_582c6a8f.pbm 0
db_0045_582c6a90.pbm E
db_0033_582c6a92.pbm 3
db_0030_582c6a93.pbm 0
db_0038_582c6a95.pbm 8
db_0033_582c6a97.pbm 3
db_0037_582c6a98.pbm 7
db_0031_582c6a99.pbm 1
db_0037_582c6a9a.pbm 7
db_0031_582c6a9c.pbm 1
db_0036_582c6a9d.pbm 6
db_0044_582c6a9f.pbm D
db_0044_582c6aa1.pbm D
db_0038_582c6aa2.pbm 8
db_0031_582c6aa4.pbm 1
db_0043_582c6aa5.pbm C
db_0033_582c6aa7.pbm 3
db_0037_582c6aa8.pbm 7
db_0035_582c6aab.pbm 5
db_0037_582c6aad.pbm 7
db_0033_582c6aae.pbm 3
db_0033_582c6aaf.pbm 3
db_0045_582c6ab1.pbm E
db_0037_582c6ab2.pbm 7
db_0035_582c6ab4.pbm 5
db_0039_582c6ab5.pbm 9
db_0034_582c6ab7.pbm 4
db_0035_582c6ab8.pbm 5
db_0031_582c6aba.pbm 1
db_0042_582c6abb.pbm B
db_0035_582c6abc.pbm 5
db_0038_582c6abe.pbm 8
db_0042_582c6abf.pbm B
db_0042_582c6ac1.pbm B
db_0039_582c6ac3.pbm 9
db_0031_582c6ac4.pbm 1
db_0041_582c6ac6.pbm A
db_0046_582c6ac7.pbm F
db_0030_582c6ac9.pbm 0
db_0030_582c6aca.pbm 0
db_0038_582c6acc.pbm 8
db_0045_582c6acd.pbm E
db_0037_582c6ace.pbm 7
db_0036_582c6ad0.pbm 6
db_0033_582c6ad1.pbm 3
db_0039_582c6ad3.pbm 9
db_0036_582c6ad5.pbm 6
db_0041_582c6ad6.pbm A
db_0042_582c6ad8.pbm B
db_0042_582c6ada.pbm B
db_0033_582c6adc.pbm 3
db_0038_582c6ade.pbm 8
db_0031_582c6ae0.pbm 1
db_0031_582c6ae1.pbm 1
db_0030_582c6ae3.pbm 0
db_0035_582c6af7.pbm 5
db_0037_582c6af9.pbm 7
db_0046_582c6afb.pbm F
db_0041_582c6afc.pbm A
db_0030_582c6afe.pbm 0
db_0036_582c6aff.pbm 6
db_0043_582c6b01.pbm C
db_0035_582c6b02.pbm 5
db_0045_582c6b04.pbm E
db_0044_582c6b05.pbm D
db_0034_582c6b07.pbm 4
db_0039_582c6b09.pbm 9
db_0035_582c6b0a.pbm 5
db_0032_582c6b0b.pbm 2
db_0042_582c6b0d.pbm B
db_0031_582c6b10.pbm 1
db_0030_582c6b12.pbm 0
db_0039_582c6b14.pbm 9
db_0044_582c6b15.pbm D
db_0043_582c6b17.pbm C
db_0033_582c6b19.pbm 3
db_0034_582c6b1a.pbm 4
db_0044_582c6b1c.pbm D
db_0044_582c6b1d.pbm D
db_0034_582c6b24.pbm 4
db_0035_582c6b26.pbm 5
db_0042_582c6b28.pbm B
db_0038_582c6b29.pbm 8
db_0044_582c6b2b.pbm D
db_0035_582c6b2d.pbm 5
db_0034_582c6b2e.pbm 4
db_0035_582c6b2f.pbm 5
db_0043_582c6b31.pbm C
db_0046_582c6b32.pbm F
db_0046_582c6b34.pbm F
db_0042_582c6b35.pbm B
db_0041_582c6b36.pbm A
db_0033_582c6b38.pbm 3
db_0034_582c6b3a.pbm 4
db_0039_582c6b3c.pbm 9
db_0034_582c6b3d.pbm 4
db_0030_582c6b3f.pbm 0
db_0043_582c6b40.pbm C
db_0030_582c6b44.pbm 0
db_0042_582c6b45.pbm B
db_0031_582c6b47.pbm 1
db_0032_582c6b48.pbm 2
db_0035_582c6b4a.pbm 5
db_0035_582c6b4b.pbm 5
db_0030_582c6b4d.pbm 0
db_0038_582c6b4e.pbm 8
db_0031_582c6b50.pbm 1
db_0036_582c6b52.pbm 6
db_0044_582c6b53.pbm D
db_0045_582c6b55.pbm E
db_0039_582c6b56.pbm 9
db_0031_582c6b58.pbm 1
db_0038_582c6b59.pbm 8
db_0037_582c6b5b.pbm 7
db_0034_582c6b5c.pbm 4
db_0035_582c6b5e.pbm 5
db_0033_582c6b5f.pbm 3
db_0033_582c6b61.pbm 3
db_0038_582c6b63.pbm 8
db_0038_582c6b75.pbm 8
db_0038_582c6b77.pbm 8
db_0039_582c6b78.pbm 9
db_0031_582c6b7a.pbm 1
db_0032_582c6b7b.pbm 2
db_0038_582c6b7d.pbm 8
db_0038_582c6b7f.pbm 8
db_0035_582c6b80.pbm 5
db_0046_582c6b82.pbm F
db_0039_582c6b83.pbm 9
db_0043_582c6b85.pbm C
db_0031_582c6b86.pbm 1
db_0031_582c6b87.pbm 1
db_0038_582c6b89.pbm 8
db_0043_582c6b8b.pbm C
db_0033_582c6b8c.pbm 3
db_0037_582c6b8e.pbm 7
db_0039_582c6b8f.pbm 9
db_0041_582c6b91.pbm A
db_0034_582c6b92.pbm 4
db_0035_582c6b94.pbm 5
db_0038_582c6b95.pbm 8
db_0034_582c6b96.pbm 4
db_0037_582c6b98.pbm 7
db_0039_582c6b9a.pbm 9
db_0031_582c6b9b.pbm 1
db_0038_582c6b9d.pbm 8
db_0030_582c6ba1.pbm 0
db_0042_582c6ba3.pbm B
db_0036_582c6ba4.pbm 6
db_0046_582c6ba6.pbm F
db_0039_582c6ba8.pbm 9
db_0045_582c6ba9.pbm E
db_0045_582c6d46.pbm E
db_0038_582c6e83.pbm 8
db_0038_582c6eb8.pbm 8
db_0038_582c6f3f.pbm 8
db_0034_582c6fc4.pbm 4
db_0034_582c70a0.pbm 4
db_0043_582c70fc.pbm C
db_0038_582c712b.pbm 8
db_0038_582c7162.pbm 8
db_0044_582c74a8.pbm D
db_0034_582c74d1.pbm 4 
db_0037_582c750a.pbm 7
db_0042_582c7510.pbm B
db_0045_582c7512.pbm E
db_0042_582c7514.pbm B
db_0037_582c7515.pbm 7
db_0037_582c7517.pbm 7
db_0034_582c7518.pbm 4
db_0034_582c751a.pbm 4
db_0034_582c751b.pbm 4
db_0037_582c751c.pbm 7
db_0030_582c751e.pbm 0
db_0045_582c751f.pbm E
db_0045_582c7521.pbm E
db_0045_582c7522.pbm E
db_0034_582c7524.pbm 4
db_0045_582c7525.pbm E
db_0037_582c7526.pbm 7
db_0039_582c7528.pbm 9
db_0030_582c752a.pbm 0
db_0034_582c752b.pbm 4
db_0042_582c752c.pbm B
db_0037_582c752e.pbm 7
db_0037_582c752f.pbm 7
db_0034_582c7530.pbm 4
db_0034_582c7532.pbm 4
db_0034_582c7534.pbm 4
db_0042_582c7535.pbm B
db_0039_582c7537.pbm 9
db_0034_582c7538.pbm 4
db_0042_582c7539.pbm B
db_0034_582c753a.pbm 4
db_0042_582c753f.pbm B
db_0034_582c7540.pbm 4
db_0039_582c7541.pbm 9
db_0034_582c7543.pbm 4
db_0034_582c7544.pbm 4
db_0034_582c7546.pbm 4
db_0042_582c7547.pbm B
db_0045_582c7549.pbm E
db_0041_582c754b.pbm A
db_0037_582c754d.pbm 7
db_0042_582c754e.pbm B
db_0036_582c7550.pbm 6
db_0039_582c7551.pbm 9
db_0037_582c7553.pbm 7
db_0045_582c7554.pbm E
db_0037_582c7556.pbm 7
db_0039_582c7557.pbm 9
db_0034_582c7559.pbm 4
db_0037_582c755a.pbm 7
db_0034_582c755d.pbm 4
db_0045_582c755e.pbm E
db_0034_582c7560.pbm 4
db_0031_582c7561.pbm 1
db_0045_582c7563.pbm E
db_0034_582c757e.pbm 4
db_0034_582c757f.pbm 4
db_0042_582c7581.pbm B
db_0045_582c7582.pbm E
db_0034_582c75a5.pbm 4
db_0045_582c76f9.pbm E
db_0042_582c76fd.pbm B
db_0034_582c76ff.pbm 4
db_0045_582c7700.pbm E
db_0030_582c7703.pbm 0
db_0044_582c7705.pbm D
db_0030_582c7707.pbm 0
db_0042_582c7708.pbm B
db_0042_582c770a.pbm B
db_0042_582c770b.pbm B
db_0041_582c770d.pbm A
db_0044_582c770e.pbm D
db_0030_582c7710.pbm 0
db_0042_582c7711.pbm B
db_0034_582c7713.pbm 4
db_0034_582c7714.pbm 4
db_0045_582c7716.pbm E
db_0034_582c7717.pbm 4
db_0034_582c7718.pbm 4
db_0031_582c771a.pbm 1
db_0031_582c771b.pbm 1
db_0034_582c771c.pbm 4
db_0042_582c771e.pbm B
db_0034_582c771f.pbm 4
db_0045_582c7721.pbm E
db_0044_582c7723.pbm D
db_0042_582c7724.pbm B
db_0044_582c79bc.pbm D
db_0034_582c79be.pbm 4
db_0034_582c79bf.pbm 4
db_0034_582c79c0.pbm 4
db_0034_582c79c1.pbm 4
db_0044_582c79c3.pbm D
db_0042_582c79c4.pbm B
db_0037_582c79c5.pbm 7
db_0046_582c79c7.pbm F
db_0037_582c79c9.pbm 7
db_0039_582c79ca.pbm 9
db_0034_582c79cc.pbm 4
db_0030_582c79cd.pbm 0
db_0030_582c79cf.pbm 0
db_0045_582c79d0.pbm E
db_0046_582c79d2.pbm F
db_0037_582c79d3.pbm 7
db_0031_582c79d5.pbm 1
db_0037_582c79d6.pbm 7
db_0036_582c79d7.pbm 6
db_0042_582c79d9.pbm B
db_0037_582c79da.pbm 7
db_0036_582c79dc.pbm 6
db_0034_582c79dd.pbm 4
db_0034_582c79de.pbm 4
db_0045_582c79e0.pbm E
db_0039_582c79e2.pbm 9
db_0045_582c79e3.pbm E
db_0044_582c79e4.pbm D
db_0036_582c79e6.pbm 6
db_0031_582c79e7.pbm 1
db_0031_582c79ea.pbm 1
db_0045_582c7c57.pbm E
db_0039_582c7c59.pbm 9
db_0034_582c7c5b.pbm 4
db_0042_582c7c5c.pbm B
db_0042_582c7c5d.pbm B
db_0037_582c7c5e.pbm 7
db_0039_582c7c60.pbm 9
db_0045_582c7c61.pbm E
db_0044_582c7c62.pbm D
db_0034_582c7c64.pbm 4
db_0044_582c7c65.pbm D
db_0044_582c7c67.pbm D
db_0044_582c7c68.pbm D
db_0037_582c7c69.pbm 7
db_0034_582c7c6b.pbm 4
db_0031_582c7c6c.pbm 1
db_0041_582c7c70.pbm A
db_0042_582c7c72.pbm B
db_0034_582c7c73.pbm 4
db_0044_582c7cb5.pbm D
db_0030_582c7cb7.pbm 0
db_0031_582c7cb8.pbm 1
db_0034_582c7cba.pbm 4
db_0044_582c7cbb.pbm D
db_0036_582c7cbd.pbm 6
db_0034_582c7cbe.pbm 4
db_0045_582c7cc0.pbm E
db_0042_582c7cc1.pbm B
db_0044_582c7cc2.pbm D
db_0046_582c7cc4.pbm F
db_0030_582c7cc6.pbm 0
db_0042_582c7cc7.pbm B
db_0039_582c7cc9.pbm 9
db_0036_582c7cca.pbm 6
db_0045_582c7ccc.pbm E
db_0037_582c7ccd.pbm 7
db_0034_582c7ccf.pbm 4
db_0042_582c7cd1.pbm B
db_0031_582c7cd2.pbm 1
db_0031_582c7cd3.pbm 1
db_0044_582c7cd5.pbm D
db_0045_582c7cd7.pbm E
db_0039_582c7cd8.pbm 9
db_0034_582c7cda.pbm 4
db_0045_582c7d1f.pbm E
db_0042_582c7d21.pbm B
db_0041_582c7d22.pbm A
db_0045_582c7d24.pbm E
db_0036_582c7d25.pbm 6
db_0044_582c7d28.pbm D
db_0045_582c7d29.pbm E
db_0042_582c7d2b.pbm B
db_0045_582c7d2c.pbm E
db_0045_582c7d2e.pbm E
db_0042_582c7d2f.pbm B
db_0045_582c7d30.pbm E
db_0037_582c7d32.pbm 7
db_0046_582c7d33.pbm F
db_0034_582c7d35.pbm 4
db_0037_582c7d36.pbm 7
db_0037_582c7d39.pbm 7
db_0031_582c7d3b.pbm 1
db_0039_582c7d3c.pbm 9
db_0031_582c7d3e.pbm 1
db_0041_582c7d3f.pbm A
db_0046_582c7d41.pbm F
db_0030_582c7e28.pbm 0
db_0041_582c7e2f.pbm A
db_0034_582c7e31.pbm 4
db_0034_582c7e32.pbm 4
db_0046_582c7e34.pbm F
db_0042_582c7e35.pbm B
db_0034_582c7e36.pbm 4
db_0046_582c7e3b.pbm F
db_0031_582c7e3d.pbm 1
db_0042_582c7e3e.pbm B
db_0039_582c7e40.pbm 9
db_0037_582c7e41.pbm 7
db_0031_582c7e43.pbm 1
db_0030_582c7e44.pbm 0
db_0045_582c7e46.pbm E
db_0044_582c7e48.pbm D
db_0034_582c7e49.pbm 4
db_0037_582c7e4b.pbm 7
db_0042_582c7e4c.pbm B
db_0030_582c875a.pbm 0
db_0042_582c875b.pbm B
db_0034_582c875d.pbm 4
db_0045_582c875e.pbm E
db_0039_582c875f.pbm 9
db_0038_582c8764.pbm 8
db_0036_582c8766.pbm 6
db_0034_582c8767.pbm 4
db_0034_582c8769.pbm 4
db_0030_582c876b.pbm 0
db_0037_582c876c.pbm 7
db_0045_582c876e.pbm E
db_0045_582c876f.pbm E
db_0042_582c8771.pbm B
db_0037_582c8772.pbm 7
db_0034_582c8773.pbm 4
db_0030_582c8776.pbm 0
db_0042_582c8778.pbm B
db_0036_582c8779.pbm 6
db_0045_582c877b.pbm E
db_0039_582c877c.pbm 9
db_0037_582c877e.pbm 7
db_0041_582c877f.pbm A
db_0046_582c8781.pbm F
db_0045_582c8782.pbm E
db_0042_582c8784.pbm B
db_0034_582c8785.pbm 4
db_0039_582c8786.pbm 9
db_0045_582c87ec.pbm E
db_0042_582c87ee.pbm B
db_0034_582c87ef.pbm 4
db_0039_582c87f1.pbm 9
db_0041_582c87f2.pbm A
db_0031_582c87f3.pbm 1
db_0036_582c87f5.pbm 6
db_0031_582c87f6.pbm 1
db_0036_582c87f7.pbm 6
db_0039_582c87f9.pbm 9
db_0034_582c87fb.pbm 4
db_0044_582c8a2d.pbm D
db_0044_582c8a34.pbm D
db_0044_582c8a3e.pbm D
db_0031_582c8c65.pbm 1
db_0042_582c8c7f.pbm B
db_0044_582c8c85.pbm D
db_0044_582c8c98.pbm D
db_0042_582c8c9d.pbm B
db_0033_582c8d1c.pbm 3
db_0030_582c8d5e.pbm 0
db_0044_582c8d8d.pbm D
db_0042_582c8d8e.pbm B
db_0036_582c8d90.pbm 6
db_0030_582c8d92.pbm 0
db_0035_582c8d93.pbm 5
db_0032_582c8d94.pbm 2
db_0032_582c8d96.pbm 2
db_0038_582c8d97.pbm 8
db_0036_582c8d99.pbm 6
db_0043_582c8d9a.pbm C
db_0042_582c8d9c.pbm B
db_0046_582c8d9d.pbm F
db_0041_582c8d9f.pbm A
db_0041_582c8da0.pbm A
db_0038_582c8da2.pbm 8
db_0037_582c8da3.pbm 7
db_0032_582c8da5.pbm 2
db_0036_582c8da6.pbm 6
db_0039_582c8da8.pbm 9
db_0043_582c8da9.pbm C
db_0033_582c8dab.pbm 3
db_0035_582c8dac.pbm 5
db_0032_582c8dae.pbm 2
db_0032_582c8db0.pbm 2
db_0043_582c8db1.pbm C
db_0030_582c8db3.pbm 0
db_0034_582c8db4.pbm 4
db_0043_582c8db6.pbm C
db_0041_582c8db7.pbm A
db_0030_582c8db8.pbm 0
db_0039_582c8dba.pbm 9
db_0039_582c8dbb.pbm 9
db_0032_582c8dbd.pbm 2
db_0033_582c8dbf.pbm 3
db_0032_582c8dc1.pbm 2
db_0030_582c8dc2.pbm 0
db_0038_582c8dc4.pbm 8
db_0045_582c8dc6.pbm E
db_0030_582c8dc7.pbm 0
db_0030_582c8dc9.pbm 0
db_0042_582c8dca.pbm B
db_0046_582c8dcc.pbm F
db_0033_582c8dcd.pbm 3
db_0033_582c8dcf.pbm 3
db_0046_582c8dd0.pbm F
db_0038_582c8dd2.pbm 8
db_0042_582c8dd3.pbm B
db_0031_582c8dd5.pbm 1
db_0042_582c8dd6.pbm B
db_0039_582c8dd8.pbm 9
db_0038_582c8dd9.pbm 8
db_0031_582c8ddb.pbm 1
db_0031_582c8ddc.pbm 1
db_0032_582c8ddd.pbm 2
db_0035_582c8ddf.pbm 5
db_0036_582c8de1.pbm 6
db_0037_582c8de2.pbm 7
db_0035_582c8de3.pbm 5
db_0041_582c8de5.pbm A
db_0044_582c8de6.pbm D
db_0038_582c8de8.pbm 8
db_0042_582c8dea.pbm B
db_0039_582c8dec.pbm 9
db_0033_582c8ded.pbm 3
db_0037_582c8def.pbm 7
db_0033_582c8df0.pbm 3
db_0042_582c8df1.pbm B
db_0030_582c8df3.pbm 0
db_0041_582c8df4.pbm A
db_0036_582c8df5.pbm 6
db_0045_582c8df7.pbm E
db_0038_582c8df9.pbm 8
db_0041_582c8dfa.pbm A
db_0039_582c8dfc.pbm 9
db_0046_582c8dff.pbm F
db_0039_582c8e00.pbm 9
db_0042_582c8e02.pbm B
db_0044_582c8e03.pbm D
db_0046_582c8e05.pbm F
db_0042_582c8e06.pbm B
db_0041_582c8e07.pbm A
db_0045_582c8e09.pbm E
db_0045_582c8e0a.pbm E
db_0030_582c8e0c.pbm 0
db_0038_582c8e12.pbm 8
db_0038_582c8e14.pbm 8
db_0041_582c8e16.pbm A
db_0032_582c8e18.pbm 2
db_0032_582c8e19.pbm 2
db_0035_582c8e1b.pbm 5
db_0041_582c8e1c.pbm A
db_0044_582c8e1e.pbm D
db_0043_582c8e20.pbm C
db_0030_582c8e21.pbm 0
db_0044_582c8e23.pbm D
db_0035_582c8e24.pbm 5
db_0032_582c8e26.pbm 2
db_0031_582c8e27.pbm 1
db_0045_582c8e29.pbm E
db_0043_582c8e2a.pbm C
db_0043_582c8e2f.pbm C
db_0032_582c8e30.pbm 2
db_0030_582c8e32.pbm 0
db_0044_582c8e97.pbm D
db_0042_582c8e98.pbm B
db_0034_582c8e9a.pbm 4
db_0044_582c8e9b.pbm D
db_0044_582c8e9c.pbm D
db_0032_582c8e9e.pbm 2
db_0034_582c8e9f.pbm 4
db_0038_582c8ea1.pbm 8
db_0037_582c8ea2.pbm 7
db_0042_582c8ea4.pbm B
db_0034_582c8ea5.pbm 4
db_0035_582c8ea6.pbm 5
db_0038_582c8ea8.pbm 8
db_0042_582c8eaa.pbm B
db_0044_582c8eac.pbm D
db_0045_582c8ead.pbm E
db_0038_582c8eaf.pbm 8
db_0037_582c8eb1.pbm 7
db_0042_582c8eb2.pbm B
db_0042_582c8eb3.pbm B
db_0044_582c95fa.pbm D
db_0042_582c95fc.pbm B
db_0038_582c95fe.pbm 8
db_0035_582c9602.pbm 5
db_0038_582c9603.pbm 8
db_0042_582c9605.pbm B
db_0045_582c9606.pbm E
db_0038_582c9608.pbm 8
db_0044_582c9621.pbm D
db_0042_582c9627.pbm B
db_0036_582c9677.pbm 6
db_0032_582c9679.pbm 2
db_0033_582c967a.pbm 3
db_0032_582c967c.pbm 2
db_0038_582c967d.pbm 8
db_0036_582c967f.pbm 6
db_0031_582c9680.pbm 1
db_0035_582c9682.pbm 5
db_0032_582c9684.pbm 2
db_0039_582c9686.pbm 9
db_0038_582c9687.pbm 8
db_0042_582c9689.pbm B
db_0036_582c968a.pbm 6
db_0045_582c968c.pbm E
db_0046_582c968e.pbm F
db_0039_582c968f.pbm 9
db_0042_582c9691.pbm B
db_0036_582c9692.pbm 6
db_0038_582c9694.pbm 8
db_0037_582c9695.pbm 7
db_0038_582c9697.pbm 8
db_0036_582c9699.pbm 6
db_0046_582c969a.pbm F
db_0043_582c969c.pbm C
db_0045_582c969d.pbm E
db_0044_582c969f.pbm D
db_0035_582c96a0.pbm 5
db_0032_582c96a1.pbm 2
db_0035_582c96a3.pbm 5
db_0033_582c96a4.pbm 3
db_0043_582c96a6.pbm C
db_0030_582c96a7.pbm 0
db_0031_582c96a9.pbm 1
db_0032_582c96aa.pbm 2
db_0032_582c96ab.pbm 2
db_0042_582c96ad.pbm B
db_0042_582c96ae.pbm B
db_0044_582c96af.pbm D
db_0038_582c96b1.pbm 8
db_0035_582c96b3.pbm 5
db_0045_582c96b4.pbm E
db_0045_582c96b6.pbm E
db_0038_582c96b7.pbm 8
db_0031_582c96b8.pbm 1
db_0036_582c96ba.pbm 6
db_0031_582c96bb.pbm 1
db_0030_582c96bd.pbm 0
db_0033_582c96be.pbm 3
db_0033_582c96bf.pbm 3
db_0044_582c96c1.pbm D
db_0031_582c96c4.pbm 1
db_0042_582c96c5.pbm B
db_0030_582c96c7.pbm 0
db_0030_582c96c8.pbm 0
db_0032_582c96ca.pbm 2
db_0045_582c96cb.pbm E
db_0035_582c96cd.pbm 5
db_0033_582c96cf.pbm 3
db_0042_582c96d0.pbm B
db_0032_582c96d1.pbm 2
db_0042_582c96d3.pbm B
db_0045_582c96d4.pbm E
db_0035_582c96d6.pbm 5
db_0032_582c96d7.pbm 2
db_0033_582c96d8.pbm 3
db_0042_582c96da.pbm B
db_0032_582c96db.pbm 2
db_0042_582c96dd.pbm B
db_0042_582c96de.pbm B
db_0032_582c96df.pbm 2
db_0042_582c96e0.pbm B
db_0044_582c96e2.pbm D
db_0038_582c96e4.pbm 8
db_0046_582c96e5.pbm F
db_0039_582c96e7.pbm 9
db_0045_582c96e8.pbm E
db_0042_582c96ea.pbm B
db_0042_582c96eb.pbm B
db_0036_582c96ed.pbm 6
db_0032_582c96ee.pbm 2
db_0033_582c96ef.pbm 3
db_0031_582c96f1.pbm 1
db_0046_582c96f2.pbm F
db_0034_582c96f4.pbm 4
db_0044_582c96f5.pbm D
db_0041_582c96f8.pbm A
db_0045_582c96f9.pbm E
db_0038_582c96fb.pbm 8
db_0036_582c96fd.pbm 6
db_0035_582c96fe.pbm 5
db_0032_582c9700.pbm 2
db_0038_582c9778.pbm 8
db_0045_582c977a.pbm E
db_0038_582c977b.pbm 8
db_0033_582c977d.pbm 3
db_0042_582c977e.pbm B
db_0045_582c977f.pbm E
db_0045_582c9780.pbm E
db_0042_582c9782.pbm B
db_0038_582c97c2.pbm 8
db_0041_582c97c3.pbm A
db_0035_582c97c5.pbm 5
db_0039_582c97c6.pbm 9
db_0041_582c97c8.pbm A
db_0046_582c97c9.pbm F
db_0035_582c97ca.pbm 5
db_0033_582c97cc.pbm 3
db_0030_582c97cd.pbm 0
db_0037_582c97cf.pbm 7
db_0033_582c97d0.pbm 3
db_0032_582c97d2.pbm 2
db_0039_582c97d3.pbm 9
db_0035_582c97d5.pbm 5
db_0042_582c97d7.pbm B
db_0032_582c97d9.pbm 2
db_0037_582c97da.pbm 7
db_0045_582c97dc.pbm E
db_0044_582c97dd.pbm D
db_0042_582c97df.pbm B
db_0035_582c97e0.pbm 5
db_0042_582c97e2.pbm B
db_0046_582c97e4.pbm F
db_0045_582c97e5.pbm E
db_0044_582c97e8.pbm D
db_0044_582c97e9.pbm D
db_0032_582c97eb.pbm 2
db_0041_582c97ef.pbm A
db_0045_582c97f2.pbm E
db_0042_582c97f3.pbm B
db_0030_582c97f6.pbm 0
db_0044_582c97f8.pbm D
db_0035_582c97f9.pbm 5
db_0041_582c97fb.pbm A
db_0035_582c97fc.pbm 5
db_0038_582c97fe.pbm 8
db_0030_582c97ff.pbm 0
db_0038_582c9801.pbm 8
db_0034_582c9803.pbm 4
db_0042_582c9804.pbm B
db_0035_582c9805.pbm 5
db_0038_582c9807.pbm 8
db_0034_582c9809.pbm 4
db_0045_582c980a.pbm E
db_0038_582c980c.pbm 8
db_0042_582c980d.pbm B
db_0034_582c980f.pbm 4
db_0034_582c9810.pbm 4
db_0030_582c9812.pbm 0
db_0030_582c9813.pbm 0
db_0038_582c9815.pbm 8
db_0044_582c9816.pbm D
db_0046_582c9818.pbm F
db_0042_582c9819.pbm B
db_0032_582c981d.pbm 2
db_0034_582c981e.pbm 4
db_0038_582c9820.pbm 8
db_0034_582c9822.pbm 4
db_0046_582c9823.pbm F
db_0044_582c9824.pbm D
db_0039_582c9826.pbm 9
db_0038_582c9828.pbm 8
db_0035_582c9829.pbm 5
db_0041_582c982b.pbm A
db_0030_582c982c.pbm 0
db_0042_582c982e.pbm B
db_0035_582c982f.pbm 5
db_0035_582c9845.pbm 5
db_0042_582c9846.pbm B
db_0044_582c9848.pbm D
db_0038_582c9849.pbm 8
db_0042_582c984b.pbm B
db_0043_582c9896.pbm C
db_0042_582c98a7.pbm B
db_0032_582c98e0.pbm 2
db_0036_582c98e2.pbm 6
db_0044_582c98e3.pbm D
db_0030_582c98e5.pbm 0
db_0035_582c98e7.pbm 5
db_0034_582c98e8.pbm 4
db_0036_582c98ea.pbm 6
db_0033_582c98eb.pbm 3
db_0036_582c98ed.pbm 6
db_0043_582c98ee.pbm C
db_0036_582c98f0.pbm 6
db_0036_582c98f1.pbm 6
db_0041_582c98f3.pbm A
db_0039_582c98f5.pbm 9
db_0036_582c98f8.pbm 6
db_0038_582c98fa.pbm 8
db_0030_582c98fb.pbm 0
db_0032_582c98fd.pbm 2
db_0030_582c98ff.pbm 0
db_0037_582c9900.pbm 7
db_0030_582c9902.pbm 0
db_0032_582c9903.pbm 2
db_0045_582c9905.pbm E
db_0038_582c9907.pbm 8
db_0045_582c9908.pbm E
db_0034_582c9909.pbm 4
db_0038_582c990b.pbm 8
db_0035_582c990c.pbm 5
db_0030_582c990e.pbm 0
db_0039_582c990f.pbm 9
db_0045_582c9910.pbm E
db_0035_582c9912.pbm 5
db_0045_582c9913.pbm E
db_0045_582c9914.pbm E
db_0041_582c9916.pbm A
db_0032_582c9917.pbm 2
db_0041_582c9919.pbm A
db_0036_582c991a.pbm 6
db_0030_582c991c.pbm 0
db_0042_582c991e.pbm B
db_0034_582c991f.pbm 4
db_0035_582c9920.pbm 5
db_0035_582c9922.pbm 5
db_0041_582c9923.pbm A
db_0045_582c9925.pbm E
db_0044_582c9926.pbm D
db_0034_582c9927.pbm 4
db_0044_582c9929.pbm D
db_0046_582c992a.pbm F
db_0045_582c992c.pbm E
db_0034_582c992d.pbm 4
db_0034_582c992e.pbm 4
db_0036_582c9931.pbm 6
db_0031_582c99d5.pbm 1
db_0045_582c99d7.pbm E
db_0041_582c99d9.pbm A
db_0036_582c99db.pbm 6
db_0034_582c99df.pbm 4
db_0036_582c99e0.pbm 6
db_0036_582c99e2.pbm 6
db_0044_582c99e3.pbm D
db_0045_582c99e4.pbm E
db_0042_582c99e6.pbm B
db_0044_582c99e8.pbm D
db_0033_582c99e9.pbm 3
db_0033_582c99eb.pbm 3
db_0033_582c99ec.pbm 3
db_0032_582c99ee.pbm 2
db_0042_582c99f0.pbm B
db_0041_582c99f2.pbm A
db_0042_582c99f4.pbm B
db_0042_582c9a0a.pbm B
db_0035_582c9b95.pbm 5
db_0035_582c9be7.pbm 5
db_0035_582c9bf9.pbm 5
db_0045_582c9c95.pbm E
db_0044_582c9c96.pbm D
db_0045_582c9c98.pbm E
db_0034_582c9c99.pbm 4
db_0033_582c9c9a.pbm 3
db_0044_582c9c9c.pbm D
db_0035_582c9c9d.pbm 5
db_0045_582c9c9f.pbm E
db_0042_582c9ca0.pbm B
db_0044_582c9ca2.pbm D
db_0030_582c9ca3.pbm 0
db_0045_582c9ca4.pbm E
db_0032_582c9ca6.pbm 2
db_0035_582c9ca7.pbm 5
db_0042_582c9ca9.pbm B
db_0030_582c9cab.pbm 0
db_0032_582c9cac.pbm 2
db_0030_582c9cae.pbm 0
db_0032_582c9caf.pbm 2
db_0036_582c9cb1.pbm 6
db_0045_582c9cb2.pbm E
db_0033_582c9cb4.pbm 3
db_0036_582c9cb6.pbm 6
db_0034_582c9cb7.pbm 4
db_0032_582c9cb9.pbm 2
db_0030_582c9cba.pbm 0
db_0035_582c9cbc.pbm 5
db_0035_582c9cbe.pbm 5
db_0034_582c9cc0.pbm 4
db_0045_582c9cc2.pbm E
db_0042_582c9cc3.pbm B
db_0037_582c9cc5.pbm 7
db_0038_582c9cc7.pbm 8
db_0032_582c9cc8.pbm 2
db_0046_582c9cca.pbm F
db_0036_582c9ccc.pbm 6
db_0042_582c9ccd.pbm B
db_0042_582c9ccf.pbm B
db_0034_582c9cd1.pbm 4
db_0031_582c9cd2.pbm 1
db_0032_582c9cd4.pbm 2
db_0042_582c9cd6.pbm B
db_0032_582c9cd7.pbm 2
db_0044_582c9cd9.pbm D
db_0038_582c9cdb.pbm 8
db_0030_582c9cdd.pbm 0
db_0046_582c9cde.pbm F
db_0036_582c9ce0.pbm 6
db_0038_582c9ce2.pbm 8
db_0043_582c9d1f.pbm C
db_0045_582ca2ce.pbm E
db_0032_582ca2d0.pbm 2
db_0042_582ca2d4.pbm B
db_0032_582ca2d7.pbm 2
db_0044_582ca2da.pbm D
db_0046_582ca2de.pbm F
db_0030_582ca2e0.pbm 0
db_0030_582ca2e3.pbm 0
db_0032_582ca2e5.pbm 2
db_0041_582ca2e8.pbm A
db_0045_582ca2eb.pbm E
db_0035_582ca2ee.pbm 5
db_0039_582ca2f1.pbm 9
db_0046_582ca2f4.pbm F
db_0035_582ca2f7.pbm 5
db_0037_582ca2fa.pbm 7
db_0042_582ca2fd.pbm B
db_0044_582ca302.pbm D
db_0032_582ca305.pbm 2
db_0030_582ca308.pbm 0
db_0030_582ca30a.pbm 0
db_0042_582ca30d.pbm B
db_0041_582ca310.pbm A
db_0031_582ca312.pbm 1
db_0041_582ca314.pbm A
db_0030_582ca317.pbm 0
db_0032_582ca319.pbm 2
db_0034_582ca31c.pbm 4
db_0046_582ca31f.pbm F
db_0035_582ca322.pbm 5
db_0045_582ca325.pbm E
db_0046_582ca328.pbm F
db_0032_582ca32a.pbm 2
db_0035_582ca32d.pbm 5
db_0046_582ca32f.pbm F
db_0031_582ca332.pbm 1
db_0041_582ca334.pbm A
db_0033_582ca336.pbm 3
db_0046_582ca339.pbm F
db_0030_582ca33c.pbm 0
db_0034_582ca33e.pbm 4
db_0042_582ca341.pbm B
db_0046_582ca344.pbm F
db_0038_582ca347.pbm 8
db_0034_582ca34c.pbm 4
db_0031_582ca34e.pbm 1
db_0042_582ca351.pbm B
db_0042_582cb4a9.pbm B
db_0044_582cb4aa.pbm D
db_0035_582cb4ac.pbm 5
db_0041_582cb4ad.pbm A
db_0044_582cb4af.pbm D
db_0038_582cb4b1.pbm 8
db_0030_582cb4b3.pbm 0
db_0041_582cb4b4.pbm A
db_0030_582cb4b6.pbm 0
db_0030_582cb4b8.pbm 0
db_0035_582cb4ba.pbm 5
db_0034_582cb4bc.pbm 4
db_0039_582cb4be.pbm 9
db_0034_582cb4bf.pbm 4
db_0046_582cb4c1.pbm F
db_0046_582cb4c2.pbm F
db_0030_582cb4c3.pbm 0
db_0031_582cb4c5.pbm 1
db_0038_582cb4c7.pbm 8
db_0031_582cb4c8.pbm 1
db_0044_582cb4c9.pbm D
db_0033_582cb4cb.pbm 3
db_0042_582cb4cc.pbm B
db_0037_582cb4ce.pbm 7
db_0042_582cb4cf.pbm B
db_0044_582cb4d1.pbm D
db_0036_582cb4d2.pbm 6
db_0031_582cb4d3.pbm 1
db_0030_582cb4d5.pbm 0
db_0032_582cb4d6.pbm 2
db_0034_582cb4d8.pbm 4
db_0034_582cb4d9.pbm 4
db_0030_582cb4db.pbm 0
db_0045_582cb4dc.pbm E
db_0041_582cb4de.pbm A
db_0042_582cb4e0.pbm B
db_0032_582cb4e1.pbm 2
db_0032_582cb4e2.pbm 2
db_0035_582cb4e4.pbm 5
db_0032_582cb4e5.pbm 2
db_0044_582cb4e7.pbm D
db_0030_582cb4e8.pbm 0
db_0035_582cb4ea.pbm 5
db_0042_582cb4ec.pbm B
db_0046_582cb4ed.pbm F
db_0044_582cb54c.pbm D
db_0035_582cb54e.pbm 5
db_0031_582cb54f.pbm 1
db_0030_582cb551.pbm 0
db_0042_582cb552.pbm B
db_0042_582cb554.pbm B
db_0036_582cb555.pbm 6
db_0044_582cb557.pbm D
db_0033_582cb558.pbm 3
db_0046_582cb55a.pbm F
db_0045_582cb55b.pbm E
db_0045_582cb55d.pbm E
db_0038_582cb55e.pbm 8
db_0037_582cb560.pbm 7
db_0045_582cb562.pbm E
db_0037_582cb563.pbm 7
db_0045_582cb565.pbm E
db_0037_582cb566.pbm 7
db_0045_582cb568.pbm E
db_0038_582cb569.pbm 8
db_0044_582cb56b.pbm D
db_0045_582cb56d.pbm E
db_0034_582cb56e.pbm 4
db_0046_582cb56f.pbm F
db_0042_582cb571.pbm B
db_0041_582cb573.pbm A
db_0046_582cb574.pbm F
db_0035_582cb577.pbm 5
db_0033_582cb578.pbm 3
db_0045_582cb579.pbm E
db_0039_582cb57c.pbm 9
db_0033_582cb57e.pbm 3
db_0032_582cb580.pbm 2
db_0035_582cb581.pbm 5
db_0030_582cb583.pbm 0
db_0044_582cb584.pbm D
db_0041_582cb586.pbm A
db_0038_582cb5be.pbm 8
db_0038_582cb5c0.pbm 8
db_0032_582cb5c1.pbm 2
db_0032_582cb5c3.pbm 2
db_0033_582cb5c4.pbm 3
db_0041_582cb5c6.pbm A
db_0034_582cb5c7.pbm 4
db_0044_582cb5c9.pbm D
db_0045_582cb5cb.pbm E
db_0034_582cb5cc.pbm 4
db_0046_582cb5ce.pbm F
db_0045_582cb5cf.pbm E
db_0044_582cb5d0.pbm D
db_0041_582cb5d2.pbm A
db_0030_582cb5d3.pbm 0
db_0042_582cb5d5.pbm B
db_0035_582cb5d7.pbm 5
db_0042_582cb5d8.pbm B
db_0038_582cb5da.pbm 8
db_0042_582cb5dc.pbm B
db_0038_582cb5de.pbm 8
db_0030_582cb5df.pbm 0
db_0032_582cb5e1.pbm 2
db_0030_582cb621.pbm 0
db_0041_582cb622.pbm A
db_0035_582cb624.pbm 5
db_0039_582cb626.pbm 9
db_0032_582cb627.pbm 2
db_0037_582cb628.pbm 7
db_0042_582cb62a.pbm B
db_0044_582cb62b.pbm D
db_0035_582cb62d.pbm 5
db_0032_582cb62e.pbm 2
db_0035_582cb630.pbm 5
db_0034_582cb631.pbm 4
db_0030_582cb633.pbm 0
db_0038_582cb634.pbm 8
db_0041_582cb636.pbm A
db_0041_582cb637.pbm A
db_0038_582cb639.pbm 8
db_0045_582cb63a.pbm E
db_0045_582cb63b.pbm E
db_0042_582cb63d.pbm B
db_0045_582cb63e.pbm E
db_0042_582cb640.pbm B
db_0042_582cb641.pbm B
db_0045_582cb642.pbm E
db_0045_582cb644.pbm E
db_0038_582cb646.pbm 8
db_0039_582cb647.pbm 9
db_0041_582cb649.pbm A
db_0030_582cb64a.pbm 0
db_0045_582cb64b.pbm E
db_0042_582cb6a8.pbm B
db_0038_582cb6aa.pbm 8
db_0041_582cb6ac.pbm A
db_0035_582cb6ad.pbm 5
db_0031_582cb6af.pbm 1
db_0044_582cb6b0.pbm D
db_0038_582cb6b2.pbm 8
db_0033_582cb6b3.pbm 3
db_0044_582cb6b5.pbm D
db_0030_582cb6b7.pbm 0
db_0042_582cb6b8.pbm B
db_0030_582cb6ba.pbm 0
db_0031_582cb6bb.pbm 1
db_0035_582cb6bd.pbm 5
db_0044_582cb6be.pbm D
db_0038_582cb6c0.pbm 8
db_0030_582cb6c1.pbm 0
db_0041_582cb6c3.pbm A
db_0030_582cb6c5.pbm 0
db_0045_582cb6c6.pbm E
db_0039_582cb6c8.pbm 9
db_0035_582cb6c9.pbm 5
db_0045_582cb6cb.pbm E
db_0038_582cb6cd.pbm 8
db_0038_582cb6cf.pbm 8
db_0041_582cb6d0.pbm A
db_0042_582cb6d1.pbm B
db_0032_582cb6d3.pbm 2
db_0037_582cba9d.pbm 7
db_0034_582cba9e.pbm 4
db_0038_582cbaa0.pbm 8
db_0030_582cbaa2.pbm 0
db_0038_582cbaa3.pbm 8
db_0033_582cbaa5.pbm 3
db_0042_582cbaa6.pbm B
db_0038_582cbaa8.pbm 8
db_0042_582cbaa9.pbm B
db_0033_582cbaab.pbm 3
db_0030_582cbaac.pbm 0
db_0038_582cbaae.pbm 8
db_0030_582cbab0.pbm 0
db_0045_582cbab1.pbm E
db_0038_582cbab3.pbm 8
db_0035_582cbab4.pbm 5
db_0042_582cbab6.pbm B
db_0045_582cbab7.pbm E
db_0041_582cbab9.pbm A
db_0031_582cbaba.pbm 1
db_0035_582cbabc.pbm 5
db_0045_587102fd.pbm E
db_0031_587102fe.pbm 1
db_0034_58710300.pbm 4
db_0038_58710301.pbm 8
db_0044_58710304.pbm D
db_0039_58710305.pbm 9
db_0036_58710307.pbm 6
db_0030_5871030e.pbm 0
db_0033_5871030f.pbm 3
db_0045_58710311.pbm E
db_0045_58710312.pbm E
db_0034_58710314.pbm 4
db_0042_58710315.pbm B
db_0044_58710316.pbm D
db_0044_58710317.pbm D
db_0038_58710319.pbm 8
db_0045_5871031a.pbm E
db_0038_5871031c.pbm 8
db_0045_5871031d.pbm E
db_0034_5871031f.pbm 4
db_0042_58712166.pbm B
db_0046_58712167.pbm F
db_0030_58712169.pbm 0
db_0038_5871216b.pbm 8
db_0037_5871216c.pbm 7
db_0042_5871216e.pbm B
db_0044_5871216f.pbm D
db_0032_58712171.pbm 2
db_0030_58712172.pbm 0
db_0032_58712173.pbm 2
db_0032_58712175.pbm 2
db_0037_58712176.pbm 7
db_0045_58712177.pbm E
db_0034_58712179.pbm 4
db_0041_5871217a.pbm A
db_0036_5871217b.pbm 6
db_0031_5871217d.pbm 1
db_0032_5871217e.pbm 2
db_0046_5871217f.pbm F
db_0045_58712180.pbm E
db_0042_58712182.pbm B
db_0037_58712183.pbm 7
db_0042_587121c6.pbm B
db_0035_587121c8.pbm 5
db_0045_587121c9.pbm E
db_0032_587121ca.pbm 2
db_0042_587121cb.pbm B
db_0041_587121cd.pbm A
db_0034_587121ce.pbm 4
db_0030_587121d0.pbm 0
db_0045_587121d1.pbm E
db_0042_587121d2.pbm B
db_0042_587121d4.pbm B
db_0046_587121d5.pbm F
db_0037_587121d7.pbm 7
db_0042_587121d9.pbm B
db_0045_587121db.pbm E
db_0038_587121dc.pbm 8
db_0042_587121de.pbm B
db_0045_587121df.pbm E
db_0030_587211a1.pbm 0
db_0038_587211a3.pbm 8
db_0031_587211a4.pbm 1
db_0030_587211a6.pbm 0
db_0032_587211a7.pbm 2
db_0045_587211a8.pbm E
db_0034_587211aa.pbm 4
db_0045_587211ab.pbm E
db_0045_587211ac.pbm E
db_0038_587211ae.pbm 8
db_0038_587211af.pbm 8
db_0042_587211b0.pbm B
db_0045_587211b2.pbm E
db_0042_587211b4.pbm B
db_0038_587211b6.pbm 8
db_0034_587211b7.pbm 4
db_0044_587211b9.pbm D
db_0042_587211bc.pbm B
db_0042_587211bd.pbm B
db_0045_587211bf.pbm E
db_0037_587211c0.pbm 7
db_0034_587211c2.pbm 4
